#! /c/Source/iverilog-install/bin/vvp
:ivl_version "12.0 (devel)" "(s20150603-1539-g2693dd32b)";
:ivl_delay_selection "TYPICAL";
:vpi_time_precision + 0;
:vpi_module "C:\iverilog\lib\ivl\system.vpi";
:vpi_module "C:\iverilog\lib\ivl\vhdl_sys.vpi";
:vpi_module "C:\iverilog\lib\ivl\vhdl_textio.vpi";
:vpi_module "C:\iverilog\lib\ivl\v2005_math.vpi";
:vpi_module "C:\iverilog\lib\ivl\va_math.vpi";
S_0000021d48f26430 .scope module, "Control_Unit" "Control_Unit" 2 1;
 .timescale 0 0;
    .port_info 0 /INPUT 6 "opcode";
    .port_info 1 /OUTPUT 4 "MEM_signals";
    .port_info 2 /OUTPUT 6 "EX_signals";
    .port_info 3 /OUTPUT 3 "WB_signals";
    .port_info 4 /OUTPUT 1 "flush";
P_0000021d48f265c0 .param/l "ADD" 1 2 5, C4<000011>;
P_0000021d48f265f8 .param/l "LDM" 1 2 6, C4<000001>;
P_0000021d48f26630 .param/l "NOP" 1 2 3, C4<000101>;
P_0000021d48f26668 .param/l "NOT" 1 2 4, C4<000100>;
P_0000021d48f266a0 .param/l "STD" 1 2 7, C4<000010>;
v0000021d48f266e0_0 .var "EX_signals", 5 0;
v0000021d48f26780_0 .var "MEM_signals", 3 0;
v0000021d48f26820_0 .var "WB_signals", 2 0;
v0000021d48f732d0_0 .var "flush", 0 0;
o0000021d48f78068 .functor BUFZ 6, C4<zzzzzz>; HiZ drive
v0000021d48f73370_0 .net "opcode", 5 0, o0000021d48f78068;  0 drivers
E_0000021d48f292f0 .event anyedge, v0000021d48f73370_0;
    .scope S_0000021d48f26430;
T_0 ;
    %wait E_0000021d48f292f0;
    %load/vec4 v0000021d48f73370_0;
    %dup/vec4;
    %pushi/vec4 5, 0, 6;
    %cmp/u;
    %jmp/1 T_0.0, 6;
    %dup/vec4;
    %pushi/vec4 4, 0, 6;
    %cmp/u;
    %jmp/1 T_0.1, 6;
    %dup/vec4;
    %pushi/vec4 3, 0, 6;
    %cmp/u;
    %jmp/1 T_0.2, 6;
    %dup/vec4;
    %pushi/vec4 1, 0, 6;
    %cmp/u;
    %jmp/1 T_0.3, 6;
    %dup/vec4;
    %pushi/vec4 2, 0, 6;
    %cmp/u;
    %jmp/1 T_0.4, 6;
    %pushi/vec4 0, 0, 1;
    %store/vec4 v0000021d48f732d0_0, 0, 1;
    %pushi/vec4 2, 0, 6;
    %store/vec4 v0000021d48f266e0_0, 0, 6;
    %pushi/vec4 0, 0, 4;
    %store/vec4 v0000021d48f26780_0, 0, 4;
    %pushi/vec4 3, 0, 3;
    %store/vec4 v0000021d48f26820_0, 0, 3;
    %jmp T_0.6;
T_0.0 ;
    %pushi/vec4 0, 0, 1;
    %store/vec4 v0000021d48f732d0_0, 0, 1;
    %pushi/vec4 2, 0, 6;
    %store/vec4 v0000021d48f266e0_0, 0, 6;
    %pushi/vec4 0, 0, 4;
    %store/vec4 v0000021d48f26780_0, 0, 4;
    %pushi/vec4 3, 0, 3;
    %store/vec4 v0000021d48f26820_0, 0, 3;
    %jmp T_0.6;
T_0.1 ;
    %pushi/vec4 0, 0, 1;
    %store/vec4 v0000021d48f732d0_0, 0, 1;
    %pushi/vec4 6, 0, 6;
    %store/vec4 v0000021d48f266e0_0, 0, 6;
    %pushi/vec4 0, 0, 4;
    %store/vec4 v0000021d48f26780_0, 0, 4;
    %pushi/vec4 5, 0, 3;
    %store/vec4 v0000021d48f26820_0, 0, 3;
    %jmp T_0.6;
T_0.2 ;
    %pushi/vec4 0, 0, 1;
    %store/vec4 v0000021d48f732d0_0, 0, 1;
    %pushi/vec4 10, 0, 6;
    %store/vec4 v0000021d48f266e0_0, 0, 6;
    %pushi/vec4 0, 0, 4;
    %store/vec4 v0000021d48f26780_0, 0, 4;
    %pushi/vec4 5, 0, 3;
    %store/vec4 v0000021d48f26820_0, 0, 3;
    %jmp T_0.6;
T_0.3 ;
    %pushi/vec4 1, 0, 1;
    %store/vec4 v0000021d48f732d0_0, 0, 1;
    %pushi/vec4 60, 60, 6;
    %store/vec4 v0000021d48f266e0_0, 0, 6;
    %pushi/vec4 8, 0, 4;
    %store/vec4 v0000021d48f26780_0, 0, 4;
    %pushi/vec4 6, 0, 3;
    %store/vec4 v0000021d48f26820_0, 0, 3;
    %jmp T_0.6;
T_0.4 ;
    %pushi/vec4 0, 0, 1;
    %store/vec4 v0000021d48f732d0_0, 0, 1;
    %pushi/vec4 60, 60, 6;
    %store/vec4 v0000021d48f266e0_0, 0, 6;
    %pushi/vec4 0, 0, 1;
    %ix/load 4, 3, 0;
    %flag_set/imm 4, 0;
    %store/vec4 v0000021d48f26780_0, 4, 1;
    %pushi/vec4 3, 3, 3;
    %store/vec4 v0000021d48f26820_0, 0, 3;
    %jmp T_0.6;
T_0.6 ;
    %pop/vec4 1;
    %jmp T_0;
    .thread T_0, $push;
# The file index is used to find the file name in the following table.
:file_names 3;
    "N/A";
    "<interactive>";
    "CU.v";
